"Iteration","Posterior","Likelihood"
0,-8783,-359.5161
10,-347.553,-314.3441
20,-312.9378,-315.5371
30,-313.8326,-314.2348
40,-311.74,-312.2481
50,-309.9946,-311.8528
60,-313.9242,-314.6939
70,-310.7872,-313.3011
80,-312.3135,-312.1468
90,-313.226,-312.8194
100,-317.4853,-312.546
110,-313.8745,-315.7198
120,-314.6417,-315.6244
130,-314.5222,-315.8812
140,-313.3152,-315.6647
150,-314.3275,-313.9318
160,-315.0324,-317.4152
170,-310.6298,-312.6492
180,-313.7796,-312.7765
190,-311.9232,-311.9312
200,-313.5064,-313.9249
210,-311.5284,-313.7768
220,-309.4961,-312.2419
230,-312.3546,-313.2144
240,-311.5911,-311.3981
250,-310.6846,-313.1987
260,-313.1701,-311.7337
270,-311.3627,-312.3261
280,-310.1085,-312.1488
290,-314.0417,-313.5392
300,-308.8816,-311.9883
310,-314.0676,-312.5376
320,-312.8293,-312.3258
330,-318.4131,-317.4857
340,-310.6218,-313.1976
350,-312.732,-313.6209
360,-312.8361,-314.0383
370,-318.1548,-317.5866
380,-312.917,-313.9911
390,-312.2511,-313.2108
400,-310.0569,-313.1232
410,-314.1757,-313.2532
420,-313.2909,-313.7171
430,-310.3607,-312.1432
440,-313.6266,-311.8329
450,-307.8613,-310.9166
460,-309.1823,-311.5066
470,-310.5026,-312.7303
480,-309.5727,-311.2572
490,-311.8842,-310.744
500,-312.9926,-312.0578
510,-308.9239,-312.2668
520,-312.7869,-312.1731
530,-312.1086,-314.3946
540,-314.7533,-311.93
550,-312.9552,-312.8467
560,-310.7986,-314.0384
570,-312.1719,-308.1991
580,-310.6417,-309.8186
590,-308.2236,-309.0421
600,-308.6854,-308.5251
610,-308.2842,-310.4986
620,-308.3607,-309.2671
630,-312.3235,-310.5321
640,-311.6286,-309.1961
650,-308.2795,-309.7947
660,-311.3497,-310.9474
670,-309.1486,-309.7508
680,-313.3085,-311.5347
690,-307.113,-310.744
700,-309.5173,-308.6752
710,-312.6501,-308.9542
720,-307.4891,-308.3054
730,-307.8003,-308.7921
740,-310.0561,-311.9275
750,-307.5164,-308.8747
760,-309.5562,-309.0166
770,-308.4793,-308.5973
780,-308.0603,-309.3355
790,-314.2868,-310.9663
800,-309.379,-310.1407
810,-306.1935,-309.2898
820,-311.4296,-310.5795
830,-307.0028,-309.5052
840,-313.5953,-311.4262
850,-308.0664,-309.2296
860,-307.1208,-309.1226
870,-311.2134,-311.6836
880,-306.4214,-309.9125
890,-307.5299,-310.382
900,-311.5584,-309.8961
910,-309.39,-309.5157
920,-311.9881,-308.9975
930,-307.4981,-310.4073
940,-306.9466,-310.7536
950,-308.2648,-309.1396
960,-312.776,-309.7045
970,-310.1775,-309.0375
980,-310.2752,-312.522
990,-311.6613,-313.4791
1000,-312.7262,-310.1864
1010,-307.1544,-309.4028
1020,-305.3729,-308.5405
1030,-307.5952,-309.4146
1040,-308.6554,-310.4015
1050,-306.2418,-309.5465
1060,-308.4732,-310.0826
1070,-307.8785,-310.2866
1080,-308.8787,-311.061
1090,-307.2848,-309.3288
1100,-308.0625,-308.5188
1110,-307.1113,-308.5584
1120,-308.9067,-309.974
1130,-315.8575,-310.0074
1140,-307.8006,-309.747
1150,-310.4958,-311.9924
1160,-309.0039,-311.4659
1170,-306.6716,-310.0063
1180,-310.7314,-309.9623
1190,-314.1808,-311.9511
1200,-312.9522,-309.97
1210,-312.0343,-312.4972
1220,-309.2312,-307.8795
1230,-306.6464,-310.3971
1240,-312.5341,-307.9114
1250,-304.7521,-308.9044
1260,-305.2713,-308.3135
1270,-307.196,-308.7435
1280,-306.5487,-309.9117
1290,-309.815,-308.619
1300,-308.3264,-310.523
1310,-309.1022,-310.9868
1320,-309.6616,-310.4759
1330,-307.929,-308.8656
1340,-310.2834,-309.4837
1350,-314.4078,-312.9185
1360,-308.5571,-309.7213
1370,-309.1365,-309.8977
1380,-312.0288,-312.946
1390,-314.7505,-311.8282
1400,-313.2437,-308.7247
1410,-307.7899,-309.4098
1420,-307.4358,-309.4274
1430,-306.2971,-308.7831
1440,-314.2856,-310.3724
1450,-312.0639,-310.3082
1460,-306.8288,-308.9746
1470,-308.8851,-310.1628
1480,-308.9435,-309.536
1490,-310.8004,-310.4351
1500,-312.8694,-313.1058
1510,-307.505,-309.1458
1520,-317.5655,-313.2501
1530,-308.5944,-310.7284
1540,-306.8663,-310.2327
1550,-310.6581,-312.613
1560,-313.8098,-312.9228
1570,-309.7273,-311.933
1580,-313.0916,-312.9336
1590,-309.716,-311.1708
1600,-312.3787,-311.1824
1610,-310.3781,-310.5989
1620,-311.3322,-310.7511
1630,-311.2078,-312.9233
1640,-311.6433,-312.5398
1650,-311.6165,-314.2079
1660,-308.19,-311.2292
1670,-312.7255,-313.3378
1680,-310.5413,-311.6614
1690,-309.9142,-311.4868
1700,-313.0315,-314.8032
1710,-309.8735,-313.57
1720,-313.8564,-315.8281
1730,-313.7564,-314.7617
1740,-316.613,-315.2435
1750,-313.5217,-313.3525
1760,-312.2816,-314.7797
1770,-314.7241,-314.0508
1780,-319.5401,-312.3635
1790,-320.4705,-318.1622
1800,-311.599,-312.7937
1810,-313.9253,-316.4885
1820,-312.1946,-314.6082
1830,-312.0257,-313.8821
1840,-314.9167,-312.6304
1850,-311.9752,-314.9534
1860,-311.7405,-313.1289
1870,-312.75,-312.9762
1880,-313.7223,-313.9149
1890,-310.0236,-312.4831
1900,-312.8156,-313.8457
1910,-314.5225,-314.0877
1920,-312.2208,-313.9601
1930,-314.6134,-313.5199
1940,-317.5825,-313.2316
1950,-314.8249,-315.4125
1960,-315.2354,-314.497
1970,-312.4179,-314.53
1980,-313.4877,-314.9237
1990,-311.069,-314.1132
2000,-314.7116,-314.2182
2010,-313.8229,-317.0801
2020,-316.1859,-315.5378
2030,-314.5445,-315.1246
2040,-315.6495,-316.2785
2050,-315.8399,-317.1779
2060,-316.4141,-316.2418
2070,-313.136,-315.3446
2080,-313.198,-315.1645
2090,-316.3855,-317.9464
2100,-314.8738,-317.0956
2110,-315.8854,-316.9157
2120,-318.6658,-317.6137
2130,-317.9447,-315.9729
2140,-317.7771,-316.3552
2150,-320.313,-316.2614
2160,-316.3,-316.5425
2170,-321.2097,-320.1537
2180,-317.0217,-317.8694
2190,-312.5008,-315.4404
2200,-314.3943,-314.5902
2210,-316.1987,-314.1264
2220,-317.3761,-317.0378
2230,-319.0625,-316.7278
2240,-311.5801,-315.3487
2250,-309.344,-312.6062
2260,-311.9652,-311.2072
2270,-312.1557,-313.828
2280,-310.704,-312.6917
2290,-310.3043,-312.4428
2300,-309.6103,-312.9174
2310,-312.1547,-313.1749
2320,-310.4482,-314.0018
2330,-309.9368,-312.0759
2340,-311.7594,-311.486
2350,-311.0388,-312.4013
2360,-312.1525,-312.2343
2370,-310.8481,-312.9741
2380,-312.362,-311.2162
2390,-310.9539,-311.0778
2400,-317.4112,-313.3923
2410,-312.0358,-311.4762
2420,-311.7839,-311.7115
2430,-311.1516,-311.2979
2440,-315.438,-316.015
2450,-311.0473,-313.4645
2460,-314.8057,-313.3066
2470,-318.9719,-314.3774
2480,-311.1289,-313.801
2490,-310.6395,-313.4352
2500,-309.3911,-313.1769
2510,-311.4968,-313.6679
2520,-311.4581,-313.3042
2530,-317.4197,-312.7582
2540,-312.3828,-314.0076
2550,-312.7214,-314.4159
2560,-312.0339,-313.3725
2570,-309.329,-312.9057
2580,-312.9092,-314.3613
2590,-311.2588,-313.183
2600,-313.9481,-311.9671
2610,-315.4614,-314.6768
2620,-314.6446,-312.4947
2630,-314.2142,-311.9588
2640,-314.7202,-313.6904
2650,-315.9231,-315.4454
2660,-309.7538,-311.5446
2670,-308.8735,-311.601
2680,-310.5543,-312.5685
2690,-312.0831,-313.3621
2700,-308.5693,-311.9995
2710,-310.6798,-313.4084
2720,-310.1614,-311.2804
2730,-311.3284,-311.4964
2740,-308.7368,-312.391
2750,-314.8279,-314.6735
2760,-317.1149,-313.67
2770,-314.9911,-312.0476
2780,-310.7686,-313.4006
2790,-309.8615,-311.6102
2800,-311.0329,-312.1917
2810,-312.7066,-314.2191
2820,-316.7734,-315.5866
2830,-310.1265,-312.306
2840,-309.1655,-311.784
2850,-312.653,-312.9055
2860,-311.3483,-313.7541
2870,-309.9372,-312.8123
2880,-315.406,-312.1107
2890,-312.0704,-311.5695
2900,-308.8231,-312.3887
2910,-313.2217,-312.8167
2920,-310.3221,-312.917
2930,-311.2814,-312.4863
2940,-309.2776,-311.8199
2950,-310.8468,-313.0248
2960,-311.5884,-313.2484
2970,-308.7918,-312.2928
2980,-312.4397,-311.6741
2990,-318.6326,-314.2465
3000,-315.8841,-315.6116
3010,-310.9149,-311.8039
3020,-313.2464,-311.5613
3030,-316.437,-313.7981
3040,-314.8332,-312.911
3050,-313.5999,-312.0393
3060,-310.0557,-307.5729
3070,-306.2127,-307.1901
3080,-308.82,-308.689
3090,-305.195,-307.7879
3100,-305.2407,-308.4415
3110,-308.3514,-308.7902
3120,-306.1297,-307.641
3130,-311.9131,-308.7294
3140,-305.6574,-308.5769
3150,-312.9851,-310.3947
3160,-304.5867,-307.0514
3170,-306.4409,-308.3756
3180,-305.3266,-308.6842
3190,-305.3267,-307.6012
3200,-307.9316,-308.138
3210,-310.9376,-310.1826
3220,-308.1024,-307.6429
3230,-308.1986,-310.6126
3240,-307.1831,-307.9529
3250,-306.6218,-307.1323
3260,-312.2957,-313.02
3270,-306.317,-307.3419
3280,-307.6402,-307.5532
3290,-309.353,-310.0744
3300,-306.5087,-308.8761
3310,-307.8674,-307.6046
3320,-305.1556,-307.3645
3330,-308.9558,-307.3598
3340,-307.6023,-308.2068
3350,-311.2379,-309.3189
3360,-304.7563,-308.0483
3370,-305.2377,-308.9438
3380,-304.0929,-307.6352
3390,-305.7611,-307.5893
3400,-307.2213,-308.1298
3410,-305.821,-308.0506
3420,-308.3333,-308.7166
3430,-306.4038,-308.3756
3440,-309.5563,-311.7455
3450,-305.7614,-307.948
3460,-307.8387,-310.3204
3470,-307.5775,-308.617
3480,-304.4996,-308.8887
3490,-306.0992,-307.9338
3500,-308.6573,-308.4189
3510,-310.0576,-307.7074
3520,-307.7902,-307.206
3530,-308.7361,-307.7461
3540,-311.0295,-308.3331
3550,-306.9804,-309.7382
3560,-305.7128,-309.0022
3570,-305.0909,-308.3177
3580,-304.9561,-308.6597
3590,-307.9286,-309.2904
3600,-310.536,-311.7214
3610,-306.9594,-308.0001
3620,-310.2437,-309.6685
3630,-306.7308,-308.749
3640,-306.9229,-307.021
3650,-306.5467,-306.826
3660,-308.768,-307.4472
3670,-307.8378,-310.8084
3680,-306.9093,-308.1708
3690,-307.7038,-309.5496
3700,-305.4012,-309.2986
3710,-312.7348,-309.1607
3720,-309.3758,-310.5103
3730,-308.7663,-308.5296
3740,-308.0221,-311.2319
3750,-307.7769,-308.1525
3760,-308.7196,-307.5242
3770,-306.3099,-307.6245
3780,-307.674,-309.066
3790,-310.6967,-309.0637
3800,-306.1019,-307.1262
3810,-312.1619,-310.1937
3820,-306.2453,-308.637
3830,-311.3171,-309.9074
3840,-307.2284,-310.7963
3850,-309.4082,-309.5602
3860,-312.3467,-309.0465
3870,-303.9573,-307.6519
3880,-310.4814,-312.2333
3890,-308.0688,-308.3729
3900,-308.2801,-309.0905
3910,-303.9341,-307.3947
3920,-309.201,-310.6084
3930,-308.0703,-309.5466
3940,-306.4145,-308.5196
3950,-311.5612,-307.6877
3960,-306.4342,-309.7278
3970,-307.0242,-307.7656
3980,-306.7365,-308.9399
3990,-303.5453,-307.237
4000,-306.448,-308.4153
4010,-305.7075,-308.636
4020,-306.5814,-308.6806
4030,-304.9616,-307.1868
4040,-307.5057,-307.304
4050,-305.1473,-307.821
4060,-306.1537,-308.8442
4070,-319.8122,-314.9291
4080,-308.3639,-308.5455
4090,-314.8887,-310.2134
4100,-306.7548,-309.1323
4110,-309.7094,-307.4187
4120,-310.5243,-308.252
4130,-305,-307.4097
4140,-309.0238,-307.4082
4150,-308.1741,-310.3829
4160,-306.6154,-308.2996
4170,-309.0111,-309.0439
4180,-306.623,-307.3137
4190,-307.1078,-307.1004
4200,-306.8534,-308.0598
4210,-307.2613,-307.8834
4220,-307.4966,-311.3248
4230,-306.3429,-308.0209
4240,-307.4882,-308.7868
4250,-306.734,-307.6492
4260,-308.3434,-307.5858
4270,-308.0738,-308.3108
4280,-309.9349,-308.1602
4290,-308.6046,-309.6223
4300,-305.7715,-307.9403
4310,-311.1421,-310.6077
4320,-305.3622,-307.9042
4330,-308.5454,-307.4661
4340,-308.2757,-308.1597
4350,-306.3882,-307.442
4360,-311.2858,-308.1476
4370,-314.4746,-309.14
4380,-309.6268,-309.9014
4390,-305.2288,-309.3027
4400,-304.1337,-308.6331
4410,-307.226,-309.5778
4420,-307.7336,-308.1203
4430,-308.2405,-308.0719
4440,-306.3108,-308.5679
4450,-311.0508,-309.8736
4460,-310.4199,-309.5381
4470,-310.2313,-310.5634
4480,-308.4315,-308.5093
4490,-310.3415,-308.144
4500,-310.0642,-309.3057
4510,-309.1639,-310.3316
4520,-309.3961,-311.6852
4530,-308.2216,-309.6062
4540,-308.5549,-309.1172
4550,-306.1301,-309.2666
4560,-307.4934,-308.7453
4570,-313.3817,-311.9744
4580,-309.4001,-312.1986
4590,-308.2386,-310.1309
4600,-309.7704,-308.6899
4610,-307.9612,-311.0964
4620,-309.4819,-311.9952
4630,-309.2729,-308.4904
4640,-308.8767,-309.2982
4650,-310.0146,-310.3801
4660,-306.452,-308.9905
4670,-307.8543,-309.4067
4680,-310.3206,-310.3855
4690,-310.7222,-308.6937
4700,-314.5531,-312.2611
4710,-312.4671,-312.7689
4720,-312.7155,-310.1995
4730,-317.4182,-311.5882
4740,-311.8355,-308.1775
4750,-312.8351,-311.2825
4760,-307.2439,-309.1811
4770,-309.6265,-309.6042
4780,-315.486,-314.4147
4790,-309.0207,-309.066
4800,-311.2229,-309.9114
4810,-308.6351,-309.931
4820,-311.833,-310.4579
4830,-314.2407,-310.4458
4840,-308.9557,-308.8391
4850,-308.294,-308.5708
4860,-308.15,-309.605
4870,-308.3812,-309.0507
4880,-309.5714,-309.8341
4890,-305.7151,-309.4385
4900,-310.8885,-310.8344
4910,-309.8676,-308.5967
4920,-307.9987,-309.8108
4930,-310.1399,-312.4594
4940,-307.1026,-308.7511
4950,-310.4487,-309.2536
4960,-311.1183,-309.9562
4970,-310.3248,-311.6642
4980,-307.3395,-309.8057
4990,-308.222,-309.9336
5000,-308.5733,-309.837
5010,-306.9205,-308.8909
5020,-311.0107,-309.075
5030,-310.1524,-309.4581
5040,-307.0682,-308.7277
5050,-309.5847,-309.4884
5060,-309.5911,-310.5628
5070,-307.5236,-309.3358
5080,-310.3108,-311.9395
5090,-307.5973,-309.5504
5100,-312.3507,-309.3158
5110,-308.1459,-308.939
5120,-309.7678,-309.6232
5130,-306.0258,-308.5135
5140,-311.9249,-309.7224
5150,-311.1781,-311.3459
5160,-310.6086,-309.7512
5170,-308.6926,-312.2741
5180,-311.0594,-311.4527
5190,-308.134,-310.1639
5200,-308.9815,-309.616
5210,-306.7923,-309.8735
5220,-307.4772,-309.7085
5230,-310.033,-309.912
5240,-306.9874,-309.4575
5250,-307.59,-309.2027
5260,-310.5142,-309.5811
5270,-313.6408,-309.8464
5280,-310.3536,-310.2414
5290,-307.911,-310.9155
5300,-306.7187,-309.3427
5310,-308.8198,-310.361
5320,-307.8291,-310.112
5330,-306.6216,-309.043
5340,-307.461,-309.9319
5350,-310.3281,-309.8444
5360,-309.2997,-308.9632
5370,-309.9232,-312.1491
5380,-308.3125,-310.7424
5390,-309.2288,-309.823
5400,-309.3344,-308.7027
5410,-308.1668,-308.0001
5420,-307.8718,-311.268
5430,-308.0474,-309.4979
5440,-307.5208,-309.1751
5450,-311.8051,-308.3737
5460,-306.6465,-308.7868
5470,-312.6339,-308.586
5480,-310.5381,-308.2107
5490,-312.9209,-312.9873
5500,-304.1294,-307.9501
5510,-305.7185,-308.143
5520,-307.9495,-307.7126
5530,-306.0651,-308.6826
5540,-308.4173,-308.5092
5550,-307.9614,-307.2244
5560,-310.0427,-308.372
5570,-303.9779,-307.7272
5580,-307.9447,-309.9703
5590,-306.2039,-308.8867
5600,-307.6858,-309.3962
5610,-306.568,-307.7251
5620,-309.5177,-308.3498
5630,-309.9563,-308.5415
5640,-307.2657,-307.1272
5650,-305.2536,-309.0411
5660,-305.582,-308.8878
5670,-307.824,-307.94
5680,-306.7093,-307.7944
5690,-306.4123,-308.8562
5700,-304.8896,-308.555
5710,-304.9136,-308.1787
5720,-310.7694,-310.1382
5730,-306.6612,-309.0092
5740,-306.5416,-309.8109
5750,-304.896,-307.9052
5760,-307.6961,-307.0969
5770,-309.763,-308.9156
5780,-308.8939,-309.3187
5790,-306.0389,-307.8713
5800,-306.1882,-308.5631
5810,-308.1607,-310.0231
5820,-305.3364,-308.7468
5830,-306.862,-307.9697
5840,-308.4527,-311.4922
5850,-306.588,-308.4437
5860,-306.5363,-309.276
5870,-305.0862,-308.1119
5880,-306.7717,-308.7095
5890,-308.3268,-308.7486
5900,-307.8449,-309.9824
5910,-305.2734,-307.2569
5920,-310.7663,-307.1551
5930,-304.6104,-308.16
5940,-311.8396,-312.1402
5950,-305.268,-309.1016
5960,-306.1375,-307.6231
5970,-309.9818,-309.2609
5980,-306.9806,-308.8945
5990,-310.5169,-307.9336
6000,-307.2384,-307.4093
6010,-303.6361,-307.5526
6020,-306.7099,-309.592
6030,-311.0449,-310.2719
6040,-304.7803,-308.7371
6050,-308.68,-310.1038
6060,-308.1652,-308.4709
6070,-306.8758,-308.9919
6080,-311.2309,-308.7916
6090,-307.5787,-309.7209
6100,-306.8098,-308.7352
6110,-304.4894,-307.75
6120,-306.298,-309.3919
6130,-306.3244,-307.6583
6140,-306.85,-307.8759
6150,-305.7245,-307.6429
6160,-307.5718,-308.4638
6170,-306.2222,-308
6180,-309.5362,-308.5886
6190,-305.1637,-307.4101
6200,-312.099,-309.1352
6210,-308.9695,-309.2568
6220,-309.3779,-308.038
6230,-304.7089,-308.0665
6240,-307.5696,-309.0811
6250,-308.1476,-308.2575
6260,-307.5488,-310.6962
6270,-304.8098,-307.6848
6280,-306.548,-306.9385
6290,-307.4912,-309.7496
6300,-310.3825,-308.3365
6310,-306.592,-309.8151
6320,-313.5435,-311.0221
6330,-310.0647,-310.4836
6340,-308.5692,-307.8462
6350,-307.8453,-309.3763
6360,-310.6315,-307.5584
6370,-307.9361,-308.5701
6380,-309.1972,-307.9827
6390,-306.8333,-307.2294
6400,-306.989,-307.978
6410,-308.2597,-307.4804
6420,-312.0568,-311.7394
6430,-307.0781,-307.6749
6440,-310.2459,-309.2861
6450,-309.8342,-308.3839
6460,-306.9241,-307.4958
6470,-309.5699,-308.2309
6480,-307.9927,-309.013
6490,-307.4055,-308.34
6500,-309.2633,-308.7433
6510,-312.9764,-308.5317
6520,-305.7703,-307.6006
6530,-307.0988,-307.9276
6540,-309.1133,-309.0676
6550,-308.4501,-309.1543
6560,-306.1345,-306.9598
6570,-308.8153,-308.2499
6580,-308.5343,-308.0451
6590,-304.2681,-307.6282
6600,-304.5921,-307.2475
6610,-306.7646,-307.7796
6620,-305.3553,-307.5987
6630,-306.5142,-308.5158
6640,-309.3923,-311.5912
6650,-305.3473,-308.1483
6660,-306.406,-307.2357
6670,-308.835,-310.0339
6680,-310.6831,-310.5925
6690,-307.3749,-309.4109
6700,-307.7115,-308.2805
6710,-309.7333,-311.9511
6720,-311.9097,-308.0236
6730,-307.8498,-308.1616
6740,-307.8106,-308.0756
6750,-307.8311,-307.4198
6760,-306.2432,-309.4542
6770,-307.3388,-308.0311
6780,-309.5845,-306.8639
6790,-312.8138,-307.459
6800,-308.0886,-307.4741
6810,-309.4241,-309.6968
6820,-308.8732,-311.286
6830,-307.0783,-307.3998
6840,-305.7717,-308.5188
6850,-304.7389,-308.5703
6860,-309.4185,-308.0574
6870,-306.8628,-308.7405
6880,-304.0365,-307.4009
6890,-311.7895,-307.8367
6900,-305.9614,-309.692
6910,-305.9185,-309.7449
6920,-305.6335,-307.11
6930,-307.489,-308.9294
6940,-305.7607,-307.6502
6950,-308.8078,-309.3331
6960,-308.3969,-308.17
6970,-306.2038,-307.6914
6980,-305.3756,-307.3743
6990,-306.1787,-307.8517
7000,-308.768,-309.4896
7010,-310.6214,-307.9654
7020,-306.3419,-308.0356
7030,-310.3116,-309.4296
7040,-306.8957,-308.7492
7050,-307.1833,-307.9515
7060,-309.4688,-307.8977
7070,-304.7378,-307.2745
7080,-307.0427,-308.3491
7090,-307.865,-308.899
7100,-307.7944,-307.3615
7110,-312.2329,-309.3792
7120,-309.1686,-308.8149
7130,-310.1365,-309.3991
7140,-306.0159,-308.5767
7150,-308.1725,-308.3954
7160,-309.2046,-307.4999
7170,-310.1736,-312.8981
7180,-305.3174,-307.9893
7190,-311.111,-311.2331
7200,-306.514,-311.2443
7210,-308.2751,-308.1855
7220,-306.5942,-308.8258
7230,-307.0873,-309.473
7240,-305.0499,-307.4665
7250,-309.7338,-310.1093
7260,-306.3522,-309.9461
7270,-305.8237,-308.4673
7280,-306.4216,-307.9618
7290,-311.0645,-307.5196
7300,-306.4044,-308.0559
7310,-310.6223,-311.5618
7320,-309.9265,-309.8593
7330,-306.6524,-307.3074
7340,-311.2134,-309.3418
7350,-309.9238,-312.3945
7360,-307.8874,-307.7159
7370,-306.0587,-308.1086
7380,-308.506,-307.5921
7390,-313.3971,-308.2775
7400,-307.5277,-307.3974
7410,-306.9364,-308.3911
7420,-310.424,-309.3042
7430,-307.7889,-308.9698
7440,-305.7881,-308.1116
7450,-304.7978,-307.1582
7460,-308.0854,-308.4694
7470,-309.1069,-309.1043
7480,-307.2722,-307.2053
7490,-305.6172,-309.0022
7500,-304.3382,-306.989
7510,-305.5535,-308.0017
7520,-305.6374,-307.3277
7530,-308.3602,-307.8841
7540,-306.5207,-306.6589
7550,-305.5045,-308.5106
7560,-309.0507,-310.7029
7570,-308.0005,-308.3329
7580,-308.3644,-311.0697
7590,-307.4376,-309.0737
7600,-304.859,-307.6073
7610,-311.3093,-310.6779
7620,-310.671,-307.7673
7630,-308.2059,-307.1972
7640,-306.1161,-308.0031
7650,-308.9077,-310.8917
7660,-312.6078,-309.2992
7670,-305.79,-308.2411
7680,-314.3831,-309.1506
7690,-306.772,-308.6993
7700,-307.2402,-309.7865
7710,-309.1293,-307.4017
7720,-306.9249,-308.116
7730,-307.4906,-308.4974
7740,-308.0793,-310.3943
7750,-305.0789,-308.5861
7760,-316.7903,-309.2461
7770,-306.3242,-309.4956
7780,-305.9239,-308.1422
7790,-309.8687,-311.9192
7800,-307.5603,-307.2698
7810,-308.9571,-310.6349
7820,-314.3983,-308.3758
7830,-306.7897,-308.193
7840,-304.8931,-307.5009
7850,-308.5035,-309.8707
7860,-307.081,-308.1245
7870,-308.9719,-308.083
7880,-311.2694,-309.1074
7890,-305.7714,-307.8603
7900,-312.0484,-312.8683
7910,-304.9919,-307.6527
7920,-304.5548,-307.1765
7930,-304.8672,-307.3246
7940,-307.2704,-309.1608
7950,-308.0321,-307.3071
7960,-316.6898,-311.6619
7970,-305.7455,-306.8041
7980,-312.0626,-310.2646
7990,-311.1035,-312.9502
8000,-305.4827,-308.6468
8010,-306.2921,-308.4746
8020,-309.0721,-309.1445
8030,-305.7084,-308.8039
8040,-305.3321,-308.292
8050,-305.4908,-308.2123
8060,-311.8027,-307.7591
8070,-306.1879,-307.6977
8080,-305.5617,-309.1458
8090,-308.9625,-308.7929
8100,-307.9114,-309.6287
8110,-307.7833,-310.3609
8120,-306.1282,-307.8382
8130,-308.1586,-309.306
8140,-304.3647,-307.7546
8150,-309.744,-309.3757
8160,-309.0023,-307.654
8170,-307.8286,-308.3836
8180,-306.5226,-309.0402
8190,-307.7069,-308.1617
8200,-310.9507,-310.8837
8210,-305.7295,-307.1171
8220,-304.9795,-307.6832
8230,-310.579,-311.2718
8240,-307.5722,-306.8477
8250,-305.4373,-308.1703
8260,-310.8348,-308.6988
8270,-307.2685,-307.7261
8280,-306.336,-307.8684
8290,-306.276,-308.8015
8300,-306.6722,-307.0344
8310,-304.4813,-306.9686
8320,-304.9959,-307.473
8330,-305.9504,-308.9815
8340,-306.3121,-308.2797
8350,-303.1988,-307.3414
8360,-310.4695,-308.6317
8370,-306.743,-308.4784
8380,-312.0737,-311.3868
8390,-304.8958,-308.1003
8400,-305.9,-307.82
8410,-305.6051,-309.1669
8420,-311.5766,-307.7838
8430,-306.0067,-308.4416
8440,-310.2542,-310.2811
8450,-307.1859,-307.4649
8460,-305.7401,-307.8397
8470,-305.8428,-307.8084
8480,-307.0809,-307.391
8490,-305.4197,-307.0526
8500,-307.3494,-309.3307
8510,-311.8644,-309.8011
8520,-306.008,-308.8232
8530,-304.7986,-307.577
8540,-306.0467,-309.0413
8550,-309.1378,-311.4952
8560,-308.1274,-308.2
8570,-308.7152,-307.8912
8580,-307.9713,-308.6191
8590,-307.0784,-307.413
8600,-312.0912,-309.4608
8610,-305.2243,-308.6004
8620,-309.0391,-309.4844
8630,-312.5189,-313.3022
8640,-306.8853,-308.624
8650,-308.8702,-309.8509
8660,-308.1376,-310.1549
8670,-306.9497,-308.0343
8680,-309.2378,-309.1064
8690,-307.5314,-309.1363
8700,-308.3917,-308.8823
8710,-314.4636,-309.0548
8720,-306.3771,-308.6538
8730,-308.8797,-308.814
8740,-316.8252,-309.5757
8750,-307.2319,-309.3928
8760,-310.6653,-308.3151
8770,-313.9026,-311.0744
8780,-307.1962,-307.7917
8790,-309.8196,-307.4461
8800,-305.5913,-309.8246
8810,-308.3305,-308.9109
8820,-306.8031,-308.0462
8830,-306.1221,-308.0243
8840,-307.3863,-308.2826
8850,-308.0215,-308.6116
8860,-311.7984,-307.5422
8870,-307.0812,-307.4629
8880,-309.3495,-307.175
8890,-304.0497,-307.3066
8900,-309.7344,-307.7546
8910,-308.7506,-307.1948
8920,-307.3409,-307.9611
8930,-306.0957,-307.137
8940,-309.4825,-307.6619
8950,-307.7004,-311.5436
8960,-314.1045,-310.2696
8970,-304.9329,-307.7815
8980,-309.7138,-309.4994
8990,-308.7641,-309.737
9000,-307.7688,-308.7212
9010,-307.5407,-310.2156
9020,-309.8948,-308.4635
9030,-309.05,-308.2628
9040,-308.186,-306.8427
9050,-309.9029,-309.3419
9060,-313.7972,-308.0309
9070,-305.7494,-308.1212
9080,-305.3189,-307.2167
9090,-310.0156,-309.1783
9100,-306.883,-307.4024
9110,-310.2592,-307.9085
9120,-306.9238,-308.7749
9130,-308.5956,-308.8954
9140,-308.9325,-308.812
9150,-311.7315,-310.0766
9160,-306.2465,-309.1365
9170,-308.7998,-310.024
9180,-306.2353,-308.0015
9190,-306.5788,-307.381
9200,-305.4597,-307.7584
9210,-305.0669,-307.8617
9220,-303.7901,-307.4928
9230,-305.8008,-308.7487
9240,-307.7278,-312.0708
9250,-306.2324,-307.5027
9260,-310.177,-310.4757
9270,-308.2226,-309.0985
9280,-306.1976,-308.7742
9290,-306.7428,-307.8224
9300,-310.0075,-310.6407
9310,-310.769,-308.6124
9320,-309.7682,-307.8061
9330,-305.6966,-307.7533
9340,-307.2644,-307.6304
9350,-306.5793,-309.5044
9360,-311.1153,-309.3768
9370,-310.9761,-311.5041
9380,-304.4225,-307.5321
9390,-305.7136,-307.4463
9400,-308.9644,-309.413
9410,-308.3018,-307.2951
9420,-306.153,-307.254
9430,-307.8102,-308.2049
9440,-307.2278,-309.2093
9450,-307.552,-310.0996
9460,-306.9668,-309.0262
9470,-305.2666,-308.3612
9480,-307.7013,-308.8039
9490,-307.6568,-308.694
9500,-305.476,-307.2468
9510,-304.7999,-308.1444
9520,-307.3594,-307.9299
9530,-308.6002,-307.765
9540,-306.403,-308.8868
9550,-307.1964,-307.4725
9560,-310.3918,-314.0682
9570,-309.8464,-313.3964
9580,-307.0691,-308.1505
9590,-309.5437,-313.2951
9600,-308.5899,-307.9315
9610,-309.049,-308.4111
9620,-307.6212,-307.8995
9630,-305.9039,-308.1407
9640,-307.3799,-309.0741
9650,-305.9103,-308.2497
9660,-311.9694,-307.4612
9670,-307.1491,-307.7232
9680,-309.4229,-307.9182
9690,-308.2169,-307.6195
9700,-310.9392,-308.668
9710,-306.1427,-308.3243
9720,-306.3719,-307.7578
9730,-309.0645,-308.0168
9740,-310.7102,-308.7432
9750,-304.9937,-307.4621
9760,-309.5348,-310.1464
9770,-306.847,-307.7711
9780,-308.9878,-308.9389
9790,-307.3477,-308.2636
9800,-309.6951,-308.9384
9810,-304.6461,-307.1467
9820,-306.5107,-308.0224
9830,-308.5107,-307.1722
9840,-306.3129,-308.8065
9850,-305.5217,-308.086
9860,-305.2818,-308.5161
9870,-309.1414,-308.286
9880,-311.7366,-309.1024
9890,-306.2652,-309.8583
9900,-306.7301,-308.1141
9910,-307.9687,-309.6626
9920,-303.9685,-307.6771
9930,-308.748,-306.7996
9940,-312.7549,-307.655
9950,-305.4968,-306.8909
9960,-304.6174,-307.629
9970,-304.8809,-307.4021
9980,-305.983,-308.6288
9990,-310.6133,-310.7096
10000,-304.6973,-307.3552
